# JRE version: OpenJDK Runtime Environment (11.0+28) (build 11+28)
# Java VM: OpenJDK 64-Bit Server VM (11+28, mixed mode, tiered, compressed oops, g1 gc, linux-amd64)
Heap:
 garbage-first heap   total 224256K, used 123953K [0x000000008c800000, 0x0000000100000000)
  region size 1024K, 116 young (118784K), 7 survivors (7168K)
 Metaspace       used 27806K, capacity 28265K, committed 28464K, reserved 1075200K
  class space    used 2824K, capacity 3008K, committed 3120K, reserved 1048576K
GC Heap History (10 events):
Event: 52.262 GC heap before
{Heap before GC invocations=15 (full 0):
 garbage-first heap   total 186368K, used 117327K [0x000000008c800000, 0x0000000100000000)
  region size 1024K, 109 young (111616K), 6 survivors (6144K)
 Metaspace       used 27166K, capacity 27606K, committed 27824K, reserved 1075200K
  class space    used 2769K, capacity 2931K, committed 2992K, reserved 1048576K
}
Event: 52.333 GC heap after
{Heap after GC invocations=16 (full 0):
 garbage-first heap   total 186368K, used 11851K [0x000000008c800000, 0x0000000100000000)
  region size 1024K, 6 young (6144K), 6 survivors (6144K)
 Metaspace       used 27166K, capacity 27606K, committed 27824K, reserved 1075200K
  class space    used 2769K, capacity 2931K, committed 2992K, reserved 1048576K
}
Event: 55.168 GC heap before
{Heap before GC invocations=16 (full 0):
 garbage-first heap   total 186368K, used 117323K [0x000000008c800000, 0x0000000100000000)
  region size 1024K, 109 young (111616K), 6 survivors (6144K)
 Metaspace       used 27213K, capacity 27670K, committed 27824K, reserved 1075200K
  class space    used 2769K, capacity 2931K, committed 2992K, reserved 1048576K
}
Event: 55.246 GC heap after
{Heap after GC invocations=17 (full 0):
 garbage-first heap   total 224256K, used 11853K [0x000000008c800000, 0x0000000100000000)
  region size 1024K, 6 young (6144K), 6 survivors (6144K)
 Metaspace       used 27213K, capacity 27670K, committed 27824K, reserved 1075200K
  class space    used 2769K, capacity 2931K, committed 2992K, reserved 1048576K
}
Event: 59.147 GC heap before
{Heap before GC invocations=17 (full 0):
 garbage-first heap   total 224256K, used 139853K [0x000000008c800000, 0x0000000100000000)
  region size 1024K, 131 young (134144K), 6 survivors (6144K)
 Metaspace       used 27237K, capacity 27670K, committed 27824K, reserved 1075200K
  class space    used 2769K, capacity 2931K, committed 2992K, reserved 1048576K
}
Event: 59.220 GC heap after
{Heap after GC invocations=18 (full 0):
 garbage-first heap   total 224256K, used 11857K [0x000000008c800000, 0x0000000100000000)
  region size 1024K, 6 young (6144K), 6 survivors (6144K)
 Metaspace       used 27237K, capacity 27670K, committed 27824K, reserved 1075200K
  class space    used 2769K, capacity 2931K, committed 2992K, reserved 1048576K
}
Event: 62.987 GC heap before
{Heap before GC invocations=18 (full 0):
 garbage-first heap   total 224256K, used 139857K [0x000000008c800000, 0x0000000100000000)
  region size 1024K, 131 young (134144K), 6 survivors (6144K)
 Metaspace       used 27310K, capacity 27739K, committed 27824K, reserved 1075200K
  class space    used 2769K, capacity 2931K, committed 2992K, reserved 1048576K
}
Event: 63.025 GC heap after
{Heap after GC invocations=19 (full 0):
 garbage-first heap   total 224256K, used 11856K [0x000000008c800000, 0x0000000100000000)
  region size 1024K, 6 young (6144K), 6 survivors (6144K)
 Metaspace       used 27310K, capacity 27739K, committed 27824K, reserved 1075200K
  class space    used 2769K, capacity 2931K, committed 2992K, reserved 1048576K
}
Event: 67.280 GC heap before
{Heap before GC invocations=19 (full 0):
 garbage-first heap   total 224256K, used 139856K [0x000000008c800000, 0x0000000100000000)
  region size 1024K, 131 young (134144K), 6 survivors (6144K)
 Metaspace       used 27724K, capacity 28183K, committed 28336K, reserved 1075200K
  class space    used 2810K, capacity 2984K, committed 2992K, reserved 1048576K
}
Event: 67.366 GC heap after
{Heap after GC invocations=20 (full 0):
 garbage-first heap   total 224256K, used 13361K [0x000000008c800000, 0x0000000100000000)
  region size 1024K, 7 young (7168K), 7 survivors (7168K)
 Metaspace       used 27724K, capacity 28183K, committed 28336K, reserved 1075200K
  class space    used 2810K, capacity 2984K, committed 2992K, reserved 1048576K
}

